find_executable: checking for cmake... -------------------- yes

--------------------

find_library: checking for cmark_parse_document() in -lcmark-gfm... -------------------- yes

"clang -o conftest -I/Users/valentine/.rbenv/versions/2.3.0/include/ruby-2.3.0/x86_64-darwin17 -I/Users/valentine/.rbenv/versions/2.3.0/include/ruby-2.3.0/ruby/backward -I/Users/valentine/.rbenv/versions/2.3.0/include/ruby-2.3.0 -I. -I/Users/valentine/.rbenv/versions/2.3.0/include  -D_XOPEN_SOURCE -D_DARWIN_C_SOURCE -D_DARWIN_UNLIMITED_SELECT -D_REENTRANT    -O3 -Wno-error=shorten-64-to-32  -pipe conftest.c  -L. -L/Users/valentine/.rbenv/versions/2.3.0/lib -L/Users/valentine/.rbenv/versions/2.3.0/lib -L/Users/valentine/Documents/EPFL/MA3/ADA/ADAProject_Bacsa_Beuret_Santarelli/vendor/bundle/ruby/2.3.0/gems/commonmarker-0.17.6/ext/commonmarker/cmark/build/src -L/Users/valentine/Documents/EPFL/MA3/ADA/ADAProject_Bacsa_Beuret_Santarelli/vendor/bundle/ruby/2.3.0/gems/commonmarker-0.17.6/ext/commonmarker/cmark/build/extensions -L. -L/Users/valentine/.rbenv/versions/2.3.0/lib  -fstack-protector -L/usr/local/lib     -lruby-static -framework CoreFoundation  -lpthread -lgmp -ldl -lobjc "
checked program was:
/* begin */
1: #include "ruby.h"
2: 
3: int main(int argc, char **argv)
4: {
5:   return 0;
6: }
/* end */

"clang -o conftest -I/Users/valentine/.rbenv/versions/2.3.0/include/ruby-2.3.0/x86_64-darwin17 -I/Users/valentine/.rbenv/versions/2.3.0/include/ruby-2.3.0/ruby/backward -I/Users/valentine/.rbenv/versions/2.3.0/include/ruby-2.3.0 -I. -I/Users/valentine/.rbenv/versions/2.3.0/include  -D_XOPEN_SOURCE -D_DARWIN_C_SOURCE -D_DARWIN_UNLIMITED_SELECT -D_REENTRANT    -O3 -Wno-error=shorten-64-to-32  -pipe conftest.c  -L. -L/Users/valentine/.rbenv/versions/2.3.0/lib -L/Users/valentine/.rbenv/versions/2.3.0/lib -L/Users/valentine/Documents/EPFL/MA3/ADA/ADAProject_Bacsa_Beuret_Santarelli/vendor/bundle/ruby/2.3.0/gems/commonmarker-0.17.6/ext/commonmarker/cmark/build/src -L/Users/valentine/Documents/EPFL/MA3/ADA/ADAProject_Bacsa_Beuret_Santarelli/vendor/bundle/ruby/2.3.0/gems/commonmarker-0.17.6/ext/commonmarker/cmark/build/extensions -L. -L/Users/valentine/.rbenv/versions/2.3.0/lib  -fstack-protector -L/usr/local/lib     -lruby-static -framework CoreFoundation -lcmark-gfm  -lpthread -lgmp -ldl -lobjc "
conftest.c:13:57: error: use of undeclared identifier 'cmark_parse_document'
int t(void) { void ((*volatile p)()); p = (void ((*)()))cmark_parse_document; return !p; }
                                                        ^
1 error generated.
checked program was:
/* begin */
 1: #include "ruby.h"
 2: 
 3: /*top*/
 4: extern int t(void);
 5: int main(int argc, char **argv)
 6: {
 7:   if (argc > 1000000) {
 8:     printf("%p", &t);
 9:   }
10: 
11:   return 0;
12: }
13: int t(void) { void ((*volatile p)()); p = (void ((*)()))cmark_parse_document; return !p; }
/* end */

"clang -o conftest -I/Users/valentine/.rbenv/versions/2.3.0/include/ruby-2.3.0/x86_64-darwin17 -I/Users/valentine/.rbenv/versions/2.3.0/include/ruby-2.3.0/ruby/backward -I/Users/valentine/.rbenv/versions/2.3.0/include/ruby-2.3.0 -I. -I/Users/valentine/.rbenv/versions/2.3.0/include  -D_XOPEN_SOURCE -D_DARWIN_C_SOURCE -D_DARWIN_UNLIMITED_SELECT -D_REENTRANT    -O3 -Wno-error=shorten-64-to-32  -pipe conftest.c  -L. -L/Users/valentine/.rbenv/versions/2.3.0/lib -L/Users/valentine/.rbenv/versions/2.3.0/lib -L/Users/valentine/Documents/EPFL/MA3/ADA/ADAProject_Bacsa_Beuret_Santarelli/vendor/bundle/ruby/2.3.0/gems/commonmarker-0.17.6/ext/commonmarker/cmark/build/src -L/Users/valentine/Documents/EPFL/MA3/ADA/ADAProject_Bacsa_Beuret_Santarelli/vendor/bundle/ruby/2.3.0/gems/commonmarker-0.17.6/ext/commonmarker/cmark/build/extensions -L. -L/Users/valentine/.rbenv/versions/2.3.0/lib  -fstack-protector -L/usr/local/lib     -lruby-static -framework CoreFoundation -lcmark-gfm  -lpthread -lgmp -ldl -lobjc "
checked program was:
/* begin */
 1: #include "ruby.h"
 2: 
 3: /*top*/
 4: extern int t(void);
 5: int main(int argc, char **argv)
 6: {
 7:   if (argc > 1000000) {
 8:     printf("%p", &t);
 9:   }
10: 
11:   return 0;
12: }
13: extern void cmark_parse_document();
14: int t(void) { cmark_parse_document(); return 0; }
/* end */

--------------------

find_library: checking for core_extensions_ensure_registered() in -lcmark-gfmextensions... -------------------- yes

"clang -o conftest -I/Users/valentine/.rbenv/versions/2.3.0/include/ruby-2.3.0/x86_64-darwin17 -I/Users/valentine/.rbenv/versions/2.3.0/include/ruby-2.3.0/ruby/backward -I/Users/valentine/.rbenv/versions/2.3.0/include/ruby-2.3.0 -I. -I/Users/valentine/.rbenv/versions/2.3.0/include  -D_XOPEN_SOURCE -D_DARWIN_C_SOURCE -D_DARWIN_UNLIMITED_SELECT -D_REENTRANT    -O3 -Wno-error=shorten-64-to-32  -pipe conftest.c  -L. -L/Users/valentine/.rbenv/versions/2.3.0/lib -L/Users/valentine/.rbenv/versions/2.3.0/lib -L/Users/valentine/Documents/EPFL/MA3/ADA/ADAProject_Bacsa_Beuret_Santarelli/vendor/bundle/ruby/2.3.0/gems/commonmarker-0.17.6/ext/commonmarker/cmark/build/src -L/Users/valentine/Documents/EPFL/MA3/ADA/ADAProject_Bacsa_Beuret_Santarelli/vendor/bundle/ruby/2.3.0/gems/commonmarker-0.17.6/ext/commonmarker/cmark/build/extensions -L. -L/Users/valentine/.rbenv/versions/2.3.0/lib  -fstack-protector -L/usr/local/lib    -lcmark-gfm  -lruby-static -framework CoreFoundation -lcmark-gfmextensions -lcmark-gfm  -lpthread -lgmp -ldl -lobjc "
conftest.c:13:57: error: use of undeclared identifier 'core_extensions_ensure_registered'
int t(void) { void ((*volatile p)()); p = (void ((*)()))core_extensions_ensure_registered; return !p; }
                                                        ^
1 error generated.
checked program was:
/* begin */
 1: #include "ruby.h"
 2: 
 3: /*top*/
 4: extern int t(void);
 5: int main(int argc, char **argv)
 6: {
 7:   if (argc > 1000000) {
 8:     printf("%p", &t);
 9:   }
10: 
11:   return 0;
12: }
13: int t(void) { void ((*volatile p)()); p = (void ((*)()))core_extensions_ensure_registered; return !p; }
/* end */

"clang -o conftest -I/Users/valentine/.rbenv/versions/2.3.0/include/ruby-2.3.0/x86_64-darwin17 -I/Users/valentine/.rbenv/versions/2.3.0/include/ruby-2.3.0/ruby/backward -I/Users/valentine/.rbenv/versions/2.3.0/include/ruby-2.3.0 -I. -I/Users/valentine/.rbenv/versions/2.3.0/include  -D_XOPEN_SOURCE -D_DARWIN_C_SOURCE -D_DARWIN_UNLIMITED_SELECT -D_REENTRANT    -O3 -Wno-error=shorten-64-to-32  -pipe conftest.c  -L. -L/Users/valentine/.rbenv/versions/2.3.0/lib -L/Users/valentine/.rbenv/versions/2.3.0/lib -L/Users/valentine/Documents/EPFL/MA3/ADA/ADAProject_Bacsa_Beuret_Santarelli/vendor/bundle/ruby/2.3.0/gems/commonmarker-0.17.6/ext/commonmarker/cmark/build/src -L/Users/valentine/Documents/EPFL/MA3/ADA/ADAProject_Bacsa_Beuret_Santarelli/vendor/bundle/ruby/2.3.0/gems/commonmarker-0.17.6/ext/commonmarker/cmark/build/extensions -L. -L/Users/valentine/.rbenv/versions/2.3.0/lib  -fstack-protector -L/usr/local/lib    -lcmark-gfm  -lruby-static -framework CoreFoundation -lcmark-gfmextensions -lcmark-gfm  -lpthread -lgmp -ldl -lobjc "
checked program was:
/* begin */
 1: #include "ruby.h"
 2: 
 3: /*top*/
 4: extern int t(void);
 5: int main(int argc, char **argv)
 6: {
 7:   if (argc > 1000000) {
 8:     printf("%p", &t);
 9:   }
10: 
11:   return 0;
12: }
13: extern void core_extensions_ensure_registered();
14: int t(void) { core_extensions_ensure_registered(); return 0; }
/* end */

--------------------

